<?xml version="1.0" encoding="UTF-8"?>
<testng-results skipped="0" failed="0" ignored="1" total="2" passed="1">
  <reporter-output>
  </reporter-output>
  <suite name="Default suite" duration-ms="22047" started-at="2017-12-11T18:34:20Z" finished-at="2017-12-11T18:34:42Z">
    <groups>
    </groups>
    <test name="Default test" duration-ms="22047" started-at="2017-12-11T18:34:20Z" finished-at="2017-12-11T18:34:42Z">
      <class name="by.http.tstng.tstng_study.AppTest">
        <test-method status="PASS" signature="beforeSuite()[pri:0, instance:by.http.tstng.tstng_study.AppTest@482f8f11]" name="beforeSuite" is-config="true" duration-ms="10" started-at="2017-12-11T21:34:20Z" finished-at="2017-12-11T21:34:20Z">
          <reporter-output>
          </reporter-output>
        </test-method> <!-- beforeSuite -->
        <test-method status="PASS" signature="beforeClass()[pri:0, instance:by.http.tstng.tstng_study.AppTest@482f8f11]" name="beforeClass" is-config="true" duration-ms="7428" started-at="2017-12-11T21:34:20Z" finished-at="2017-12-11T21:34:27Z">
          <reporter-output>
          </reporter-output>
        </test-method> <!-- beforeClass -->
        <test-method status="PASS" signature="beforeMethod()[pri:0, instance:by.http.tstng.tstng_study.AppTest@482f8f11]" name="beforeMethod" is-config="true" duration-ms="0" started-at="2017-12-11T21:34:27Z" finished-at="2017-12-11T21:34:27Z">
          <reporter-output>
          </reporter-output>
        </test-method> <!-- beforeMethod -->
        <test-method status="PASS" signature="test3()[pri:0, instance:by.http.tstng.tstng_study.AppTest@482f8f11]" name="test3" duration-ms="14308" started-at="2017-12-11T21:34:27Z" finished-at="2017-12-11T21:34:42Z">
          <reporter-output>
          </reporter-output>
        </test-method> <!-- test3 -->
        <test-method status="PASS" signature="AfterClass()[pri:0, instance:by.http.tstng.tstng_study.AppTest@482f8f11]" name="AfterClass" is-config="true" duration-ms="311" started-at="2017-12-11T21:34:42Z" finished-at="2017-12-11T21:34:42Z">
          <reporter-output>
          </reporter-output>
        </test-method> <!-- AfterClass -->
        <test-method status="PASS" signature="AfterMethod()[pri:0, instance:by.http.tstng.tstng_study.AppTest@482f8f11]" name="AfterMethod" is-config="true" duration-ms="0" started-at="2017-12-11T21:34:42Z" finished-at="2017-12-11T21:34:42Z">
          <reporter-output>
          </reporter-output>
        </test-method> <!-- AfterMethod -->
        <test-method status="PASS" signature="AfterTest()[pri:0, instance:by.http.tstng.tstng_study.AppTest@482f8f11]" name="AfterTest" is-config="true" duration-ms="0" started-at="2017-12-11T21:34:42Z" finished-at="2017-12-11T21:34:42Z">
          <reporter-output>
          </reporter-output>
        </test-method> <!-- AfterTest -->
        <test-method status="PASS" signature="AfterSuite()[pri:0, instance:by.http.tstng.tstng_study.AppTest@482f8f11]" name="AfterSuite" is-config="true" duration-ms="0" started-at="2017-12-11T21:34:42Z" finished-at="2017-12-11T21:34:42Z">
          <reporter-output>
          </reporter-output>
        </test-method> <!-- AfterSuite -->
      </class> <!-- by.http.tstng.tstng_study.AppTest -->
    </test> <!-- Default test -->
  </suite> <!-- Default suite -->
</testng-results>
