<?xml version="1.0" encoding="UTF-8"?>
<!-- Generated by org.testng.reporters.JUnitXMLReporter -->
<testsuite hostname="Anie" ignored="1" name="Default test" tests="1" failures="0" timestamp="11 Dec 2017 18:34:42 GMT" time="22.047" errors="0">
  <testcase name="test3" time="14.308" classname="by.http.tstng.tstng_study.AppTest"/>
  <testcase name="test2" time="0.0" classname="by.http.tstng.tstng_study.AppTest">
    <ignored/>
  </testcase> <!-- test2 -->
</testsuite> <!-- Default test -->
